<?xml version="1.0" encoding="UTF-8"?>
<!-- Generated by org.testng.reporters.JUnitReportReporter -->
<testsuite hostname="LAPTOP-1SJ5V4HC" failures="0" tests="7" name="moneyfyTest.Add_Income_Expense_test" time="70.954" errors="0" timestamp="24 Jan 2022 21:33:37 GMT" skipped="0">
  <testcase classname="moneyfyTest.Add_Income_Expense_test" name="addIncome" time="24.313"/>
  <testcase classname="moneyfyTest.Add_Income_Expense_test" name="addIncome" time="8.025"/>
  <testcase classname="moneyfyTest.Add_Income_Expense_test" name="addIncome" time="7.880"/>
  <testcase classname="moneyfyTest.Add_Income_Expense_test" name="launchApp" time="5.140"/>
  <testcase classname="moneyfyTest.Add_Income_Expense_test" name="addIncome" time="9.377"/>
  <testcase classname="moneyfyTest.Add_Income_Expense_test" name="addIncome" time="8.677"/>
  <testcase classname="moneyfyTest.Add_Income_Expense_test" name="addIncome" time="7.542"/>
</testsuite> <!-- moneyfyTest.Add_Income_Expense_test -->
